<?xml version="1.0" encoding="UTF-8"?>
<testng-results skipped="0" failed="0" ignored="0" total="1" passed="1">
  <reporter-output>
  </reporter-output>
  <suite name="Default suite" duration-ms="11141" started-at="2020-07-27T16:04:52 IST" finished-at="2020-07-27T16:05:03 IST">
    <groups>
    </groups>
    <test name="Default test" duration-ms="11141" started-at="2020-07-27T16:04:52 IST" finished-at="2020-07-27T16:05:03 IST">
      <class name="com.kc.practice.Webtable_Values_Excel">
        <test-method status="PASS" signature="init()[pri:0, instance:com.kc.practice.Webtable_Values_Excel@2781e022]" name="init" is-config="true" duration-ms="20764" started-at="2020-07-27T16:04:31 IST" finished-at="2020-07-27T16:04:52 IST">
          <reporter-output>
          </reporter-output>
        </test-method> <!-- init -->
        <test-method status="PASS" signature="webtable_read()[pri:0, instance:com.kc.practice.Webtable_Values_Excel@2781e022]" name="webtable_read" duration-ms="11089" started-at="2020-07-27T16:04:52 IST" finished-at="2020-07-27T16:05:03 IST">
          <reporter-output>
          </reporter-output>
        </test-method> <!-- webtable_read -->
        <test-method status="PASS" signature="terminate()[pri:0, instance:com.kc.practice.Webtable_Values_Excel@2781e022]" name="terminate" is-config="true" duration-ms="207" started-at="2020-07-27T16:05:03 IST" finished-at="2020-07-27T16:05:03 IST">
          <reporter-output>
          </reporter-output>
        </test-method> <!-- terminate -->
      </class> <!-- com.kc.practice.Webtable_Values_Excel -->
    </test> <!-- Default test -->
  </suite> <!-- Default suite -->
</testng-results>
